<?xml version="1.0" encoding="UTF-8"?>
<coverage generated="1730202166223" clover="3.2.0">
  <project timestamp="1730202166223" name="All files">
    <metrics statements="46" coveredstatements="42" conditionals="6" coveredconditionals="4" methods="18" coveredmethods="14" elements="70" coveredelements="60" complexity="0" loc="46" ncloc="46" packages="2" files="5" classes="5"/>
    <package name="components">
      <metrics statements="40" coveredstatements="39" conditionals="6" coveredconditionals="4" methods="15" coveredmethods="14"/>
      <file name="Body.js" path="E:\GrubGo\src\components\Body.js">
        <metrics statements="26" coveredstatements="25" conditionals="2" coveredconditionals="2" methods="9" coveredmethods="8"/>
        <line num="9" count="2" type="stmt"/>
        <line num="10" count="7" type="stmt"/>
        <line num="11" count="7" type="stmt"/>
        <line num="12" count="7" type="stmt"/>
        <line num="13" count="7" type="stmt"/>
        <line num="14" count="7" type="stmt"/>
        <line num="15" count="7" type="stmt"/>
        <line num="16" count="7" type="stmt"/>
        <line num="17" count="2" type="stmt"/>
        <line num="22" count="7" type="stmt"/>
        <line num="23" count="2" type="stmt"/>
        <line num="24" count="2" type="stmt"/>
        <line num="25" count="2" type="stmt"/>
        <line num="26" count="2" type="stmt"/>
        <line num="27" count="2" type="stmt"/>
        <line num="29" count="2" type="stmt"/>
        <line num="30" count="2" type="stmt"/>
        <line num="31" count="2" type="stmt"/>
        <line num="32" count="2" type="stmt"/>
        <line num="36" count="7" type="cond" truecount="2" falsecount="0"/>
        <line num="49" count="1" type="stmt"/>
        <line num="52" count="8" type="stmt"/>
        <line num="53" count="1" type="stmt"/>
        <line num="57" count="8" type="stmt"/>
        <line num="58" count="1" type="stmt"/>
        <line num="63" count="0" type="stmt"/>
      </file>
      <file name="Header.js" path="E:\GrubGo\src\components\Header.js">
        <metrics statements="7" coveredstatements="7" conditionals="4" coveredconditionals="2" methods="3" coveredmethods="3"/>
        <line num="8" count="1" type="stmt"/>
        <line num="9" count="5" type="stmt"/>
        <line num="10" count="5" type="stmt"/>
        <line num="11" count="5" type="stmt"/>
        <line num="12" count="9" type="stmt"/>
        <line num="14" count="5" type="stmt"/>
        <line num="26" count="1" type="cond" truecount="1" falsecount="1"/>
      </file>
      <file name="RestaurantCard.js" path="E:\GrubGo\src\components\RestaurantCard.js">
        <metrics statements="7" coveredstatements="7" conditionals="0" coveredconditionals="0" methods="3" coveredmethods="3"/>
        <line num="3" count="3" type="stmt"/>
        <line num="4" count="131" type="stmt"/>
        <line num="5" count="131" type="stmt"/>
        <line num="6" count="131" type="stmt"/>
        <line num="32" count="3" type="stmt"/>
        <line num="33" count="11" type="stmt"/>
        <line num="35" count="102" type="stmt"/>
      </file>
    </package>
    <package name="utils">
      <metrics statements="6" coveredstatements="3" conditionals="0" coveredconditionals="0" methods="3" coveredmethods="0"/>
      <file name="AppStore.js" path="E:\GrubGo\src\utils\AppStore.js">
        <metrics statements="1" coveredstatements="1" conditionals="0" coveredconditionals="0" methods="0" coveredmethods="0"/>
        <line num="4" count="1" type="stmt"/>
      </file>
      <file name="CartSlice.js" path="E:\GrubGo\src\utils\CartSlice.js">
        <metrics statements="5" coveredstatements="2" conditionals="0" coveredconditionals="0" methods="3" coveredmethods="0"/>
        <line num="3" count="1" type="stmt"/>
        <line num="10" count="0" type="stmt"/>
        <line num="13" count="0" type="stmt"/>
        <line num="16" count="0" type="stmt"/>
        <line num="23" count="1" type="stmt"/>
      </file>
    </package>
  </project>
</coverage>
