{"E:\\GrubGo\\src\\components\\Body.js": {"path":"E:\\GrubGo\\src\\components\\Body.js","statementMap":{"0":{"start":{"line":9,"column":11},"end":{"line":72,"column":1}},"1":{"start":{"line":10,"column":31},"end":{"line":10,"column":43}},"2":{"start":{"line":11,"column":61},"end":{"line":11,"column":73}},"3":{"start":{"line":12,"column":39},"end":{"line":12,"column":51}},"4":{"start":{"line":13,"column":37},"end":{"line":13,"column":49}},"5":{"start":{"line":14,"column":42},"end":{"line":14,"column":54}},"6":{"start":{"line":15,"column":37},"end":{"line":15,"column":60}},"7":{"start":{"line":16,"column":4},"end":{"line":18,"column":10}},"8":{"start":{"line":17,"column":8},"end":{"line":17,"column":20}},"9":{"start":{"line":22,"column":22},"end":{"line":33,"column":5}},"10":{"start":{"line":23,"column":20},"end":{"line":23,"column":186}},"11":{"start":{"line":24,"column":20},"end":{"line":24,"column":36}},"12":{"start":{"line":25,"column":29},"end":{"line":25,"column":57}},"13":{"start":{"line":26,"column":30},"end":{"line":26,"column":99}},"14":{"start":{"line":27,"column":33},"end":{"line":27,"column":61}},"15":{"start":{"line":29,"column":8},"end":{"line":29,"column":44}},"16":{"start":{"line":30,"column":8},"end":{"line":30,"column":36}},"17":{"start":{"line":31,"column":8},"end":{"line":31,"column":39}},"18":{"start":{"line":32,"column":8},"end":{"line":32,"column":51}},"19":{"start":{"line":36,"column":4},"end":{"line":71,"column":5}},"20":{"start":{"line":49,"column":154},"end":{"line":49,"column":183}},"21":{"start":{"line":52,"column":39},"end":{"line":52,"column":154}},"22":{"start":{"line":52,"column":83},"end":{"line":52,"column":152}},"23":{"start":{"line":53,"column":20},"end":{"line":53,"column":45}},"24":{"start":{"line":57,"column":36},"end":{"line":57,"column":108}},"25":{"start":{"line":57,"column":78},"end":{"line":57,"column":106}},"26":{"start":{"line":58,"column":20},"end":{"line":58,"column":44}},"27":{"start":{"line":63,"column":130},"end":{"line":63,"column":157}}},"fnMap":{"0":{"name":"(anonymous_0)","decl":{"start":{"line":9,"column":11},"end":{"line":9,"column":12}},"loc":{"start":{"line":9,"column":15},"end":{"line":72,"column":1}},"line":9},"1":{"name":"(anonymous_1)","decl":{"start":{"line":16,"column":14},"end":{"line":16,"column":15}},"loc":{"start":{"line":16,"column":18},"end":{"line":18,"column":5}},"line":16},"2":{"name":"(anonymous_2)","decl":{"start":{"line":22,"column":22},"end":{"line":22,"column":23}},"loc":{"start":{"line":22,"column":33},"end":{"line":33,"column":5}},"line":22},"3":{"name":"(anonymous_3)","decl":{"start":{"line":49,"column":149},"end":{"line":49,"column":150}},"loc":{"start":{"line":49,"column":154},"end":{"line":49,"column":183}},"line":49},"4":{"name":"(anonymous_4)","decl":{"start":{"line":50,"column":132},"end":{"line":50,"column":133}},"loc":{"start":{"line":50,"column":136},"end":{"line":55,"column":13}},"line":50},"5":{"name":"(anonymous_5)","decl":{"start":{"line":52,"column":69},"end":{"line":52,"column":70}},"loc":{"start":{"line":52,"column":83},"end":{"line":52,"column":152}},"line":52},"6":{"name":"(anonymous_6)","decl":{"start":{"line":56,"column":152},"end":{"line":56,"column":153}},"loc":{"start":{"line":57,"column":16},"end":{"line":59,"column":17}},"line":57},"7":{"name":"(anonymous_7)","decl":{"start":{"line":57,"column":66},"end":{"line":57,"column":67}},"loc":{"start":{"line":57,"column":78},"end":{"line":57,"column":106}},"line":57},"8":{"name":"(anonymous_8)","decl":{"start":{"line":63,"column":125},"end":{"line":63,"column":126}},"loc":{"start":{"line":63,"column":130},"end":{"line":63,"column":157}},"line":63}},"branchMap":{"0":{"loc":{"start":{"line":36,"column":11},"end":{"line":71,"column":5}},"type":"cond-expr","locations":[{"start":{"line":36,"column":35},"end":{"line":36,"column":45}},{"start":{"line":37,"column":8},"end":{"line":70,"column":11}}],"line":36}},"s":{"0":2,"1":7,"2":7,"3":7,"4":7,"5":7,"6":7,"7":7,"8":2,"9":7,"10":2,"11":2,"12":2,"13":2,"14":2,"15":2,"16":2,"17":2,"18":2,"19":7,"20":1,"21":1,"22":8,"23":1,"24":1,"25":8,"26":1,"27":0},"f":{"0":7,"1":2,"2":2,"3":1,"4":1,"5":8,"6":1,"7":8,"8":0},"b":{"0":[2,5]},"_coverageSchema":"1a1c01bbd47fc00a2c39e90264f33305004495a9","hash":"5b975917e8439554fa00e5567c6ecf0b0dcab1cc"}
,"E:\\GrubGo\\src\\components\\Header.js": {"path":"E:\\GrubGo\\src\\components\\Header.js","statementMap":{"0":{"start":{"line":8,"column":13},"end":{"line":33,"column":1}},"1":{"start":{"line":9,"column":31},"end":{"line":9,"column":48}},"2":{"start":{"line":10,"column":19},"end":{"line":10,"column":36}},"3":{"start":{"line":11,"column":25},"end":{"line":11,"column":48}},"4":{"start":{"line":12,"column":15},"end":{"line":12,"column":53}},"5":{"start":{"line":12,"column":36},"end":{"line":12,"column":52}},"6":{"start":{"line":14,"column":4},"end":{"line":32,"column":5}},"7":{"start":{"line":26,"column":16},"end":{"line":26,"column":74}}},"fnMap":{"0":{"name":"(anonymous_0)","decl":{"start":{"line":8,"column":13},"end":{"line":8,"column":14}},"loc":{"start":{"line":8,"column":17},"end":{"line":33,"column":1}},"line":8},"1":{"name":"(anonymous_1)","decl":{"start":{"line":12,"column":27},"end":{"line":12,"column":28}},"loc":{"start":{"line":12,"column":36},"end":{"line":12,"column":52}},"line":12},"2":{"name":"(anonymous_2)","decl":{"start":{"line":25,"column":33},"end":{"line":25,"column":34}},"loc":{"start":{"line":25,"column":37},"end":{"line":27,"column":17}},"line":25}},"branchMap":{"0":{"loc":{"start":{"line":19,"column":36},"end":{"line":19,"column":54}},"type":"cond-expr","locations":[{"start":{"line":19,"column":45},"end":{"line":19,"column":49}},{"start":{"line":19,"column":50},"end":{"line":19,"column":54}}],"line":19},"1":{"loc":{"start":{"line":26,"column":16},"end":{"line":26,"column":74}},"type":"cond-expr","locations":[{"start":{"line":26,"column":34},"end":{"line":26,"column":54}},{"start":{"line":26,"column":55},"end":{"line":26,"column":74}}],"line":26}},"s":{"0":1,"1":5,"2":5,"3":5,"4":5,"5":9,"6":5,"7":1},"f":{"0":5,"1":9,"2":1},"b":{"0":[5,0],"1":[1,0]},"_coverageSchema":"1a1c01bbd47fc00a2c39e90264f33305004495a9","hash":"aa8dd361f48f3a995a886fcb82779a59032edfb2"}
,"E:\\GrubGo\\src\\components\\RestaurantCard.js": {"path":"E:\\GrubGo\\src\\components\\RestaurantCard.js","statementMap":{"0":{"start":{"line":3,"column":21},"end":{"line":30,"column":1}},"1":{"start":{"line":4,"column":27},"end":{"line":4,"column":32}},"2":{"start":{"line":5,"column":67},"end":{"line":5,"column":86}},"3":{"start":{"line":6,"column":4},"end":{"line":29,"column":5}},"4":{"start":{"line":32,"column":31},"end":{"line":41,"column":1}},"5":{"start":{"line":33,"column":4},"end":{"line":40,"column":5}},"6":{"start":{"line":35,"column":8},"end":{"line":39,"column":15}}},"fnMap":{"0":{"name":"(anonymous_0)","decl":{"start":{"line":3,"column":21},"end":{"line":3,"column":22}},"loc":{"start":{"line":3,"column":30},"end":{"line":30,"column":1}},"line":3},"1":{"name":"(anonymous_1)","decl":{"start":{"line":32,"column":31},"end":{"line":32,"column":32}},"loc":{"start":{"line":32,"column":49},"end":{"line":41,"column":1}},"line":32},"2":{"name":"(anonymous_2)","decl":{"start":{"line":33,"column":11},"end":{"line":33,"column":12}},"loc":{"start":{"line":33,"column":20},"end":{"line":40,"column":5}},"line":33}},"branchMap":{},"s":{"0":3,"1":131,"2":131,"3":131,"4":3,"5":11,"6":102},"f":{"0":131,"1":11,"2":102},"b":{},"_coverageSchema":"1a1c01bbd47fc00a2c39e90264f33305004495a9","hash":"f54264b9f74e698133a48976dbd97334b484ced9"}
,"E:\\GrubGo\\src\\utils\\AppStore.js": {"path":"E:\\GrubGo\\src\\utils\\AppStore.js","statementMap":{"0":{"start":{"line":4,"column":16},"end":{"line":8,"column":2}}},"fnMap":{},"branchMap":{},"s":{"0":1},"f":{},"b":{},"_coverageSchema":"1a1c01bbd47fc00a2c39e90264f33305004495a9","hash":"9adb5408b6855dbb1a08c312da55f8ab74707fcf"}
,"E:\\GrubGo\\src\\utils\\CartSlice.js": {"path":"E:\\GrubGo\\src\\utils\\CartSlice.js","statementMap":{"0":{"start":{"line":3,"column":16},"end":{"line":19,"column":2}},"1":{"start":{"line":10,"column":12},"end":{"line":10,"column":44}},"2":{"start":{"line":13,"column":12},"end":{"line":13,"column":29}},"3":{"start":{"line":16,"column":12},"end":{"line":16,"column":33}},"4":{"start":{"line":23,"column":46},"end":{"line":23,"column":63}}},"fnMap":{"0":{"name":"(anonymous_0)","decl":{"start":{"line":9,"column":17},"end":{"line":9,"column":18}},"loc":{"start":{"line":9,"column":33},"end":{"line":11,"column":9}},"line":9},"1":{"name":"(anonymous_1)","decl":{"start":{"line":12,"column":20},"end":{"line":12,"column":21}},"loc":{"start":{"line":12,"column":36},"end":{"line":14,"column":9}},"line":12},"2":{"name":"(anonymous_2)","decl":{"start":{"line":15,"column":18},"end":{"line":15,"column":19}},"loc":{"start":{"line":15,"column":27},"end":{"line":17,"column":9}},"line":15}},"branchMap":{},"s":{"0":1,"1":0,"2":0,"3":0,"4":1},"f":{"0":0,"1":0,"2":0},"b":{},"_coverageSchema":"1a1c01bbd47fc00a2c39e90264f33305004495a9","hash":"424ffd2b41d6db78eb6da959f71b43b513e6aa6a"}
}
